1679178539533	geckodriver	INFO	Listening on 127.0.0.1:50470
1679178542566	mozrunner::runner	INFO	Running command: "C:\\Program Files\\Mozilla Firefox\\firefox.exe" "--marionette" "--remote-debugging-port" "50471" "--remote-allow-hosts" "localhost" "-no-remote" "-profile" "C:\\Users\\RAILTO~1.OLI\\AppData\\Local\\Temp\\rust_mozprofileAZF0Eh"
console.warn: services.settings: Ignoring preference override of remote settings server
console.warn: services.settings: Allow by setting MOZ_REMOTE_SETTINGS_DEVTOOLS=1 in the environment
1679178542942	Marionette	INFO	Marionette enabled
Dynamically enable window occlusion 0
1679178542947	Marionette	INFO	Listening on port 50479
Read port: 50479
WebDriver BiDi listening on ws://127.0.0.1:50471
1679178543134	RemoteAgent	WARN	TLS certificate errors will be ignored for this session
console.warn: SearchSettings: "get: No settings file exists, new profile?" (new NotFoundError("Could not open the file at C:\\Users\\RAILTO~1.OLI\\AppData\\Local\\Temp\\rust_mozprofileAZF0Eh\\search.json.mozlz4", (void 0)))
DevTools listening on ws://127.0.0.1:50471/devtools/browser/c7533059-39de-40dc-ac22-3ac248db8526
[GFX1]: Device reset due to WR device: 0x887a0007
[GFX1-]: GFX: RenderThread detected a device reset in PostUpdate
[GFX1]: Device reset due to WR device: 0x887a0007
[GFX1-]: GFX: RenderThread detected a device reset in PostUpdate
JavaScript error: , line 0: NS_ERROR_NOT_AVAILABLE
1679306322318	Marionette	INFO	Stopped listening on port 50479
Dynamically enable window occlusion 1
console.warn: TopSitesFeed: Failed to fetch data from Contile server: NetworkError when attempting to fetch resource.
